{
  connectionGeneration: 0,
  level: 'error',
  message: 'field to connect database. connection 1 to 13.235.236.171:27017 timed out',
  stack: 'MongoNetworkTimeoutError: connection 1 to 13.235.236.171:27017 timed out\n' +
    '    at Timeout._onTimeout (F:\\level2\\university-managememt-auth-service\\node_modules\\mongodb\\src\\cmap\\connection.ts:327:26)\n' +
    '    at listOnTimeout (node:internal/timers:559:17)\n' +
    '    at processTimers (node:internal/timers:502:7)',
  label: 'PH',
  timestamp: '2023-06-06T07:02:54.530Z',
  [Symbol(errorLabels)]: Set(1) { 'ResetPool' },
  [Symbol(beforeHandshake)]: true
}
{
  message: 'field to connect database. Server selection timed out after 30000 ms',
  reason: TopologyDescription {
    type: 'ReplicaSetNoPrimary',
    servers: Map(3) {
      'cluster0-shard-00-00.ajito.mongodb.net:27017' => ServerDescription {
        address: 'cluster0-shard-00-00.ajito.mongodb.net:27017',
        type: 'RSSecondary',
        hosts: [
          'cluster0-shard-00-00.ajito.mongodb.net:27017',
          'cluster0-shard-00-01.ajito.mongodb.net:27017',
          'cluster0-shard-00-02.ajito.mongodb.net:27017'
        ],
        passives: [],
        arbiters: [],
        tags: {
          workloadType: 'OPERATIONAL',
          provider: 'AWS',
          region: 'AP_SOUTH_1',
          nodeType: 'ELECTABLE'
        },
        minWireVersion: 0,
        maxWireVersion: 17,
        roundTripTime: 7240,
        lastUpdateTime: 41742508,
        lastWriteDate: 2023-06-06T07:04:03.000Z,
        error: null,
        topologyVersion: {
          processId: new ObjectId("64732c218c36fe5c9573e1b7"),
          counter: 4
        },
        setName: 'atlas-bo4dl1-shard-0',
        setVersion: 7,
        electionId: null,
        logicalSessionTimeoutMinutes: 30,
        primary: 'cluster0-shard-00-02.ajito.mongodb.net:27017',
        me: 'cluster0-shard-00-00.ajito.mongodb.net:27017',
        '$clusterTime': {
          clusterTime: new Timestamp({ t: 1686035043, i: 2 }),
          signature: {
            hash: <Buffer 59 93 a1 c5 f2 bc 50 3e 0f 81 6e e2 61 38 a8 4b 22 be 53 9b>,
            keyId: new Long("7200707637489434637")
          }
        }
      },
      'cluster0-shard-00-01.ajito.mongodb.net:27017' => ServerDescription {
        address: 'cluster0-shard-00-01.ajito.mongodb.net:27017',
        type: 'RSSecondary',
        hosts: [
          'cluster0-shard-00-00.ajito.mongodb.net:27017',
          'cluster0-shard-00-01.ajito.mongodb.net:27017',
          'cluster0-shard-00-02.ajito.mongodb.net:27017'
        ],
        passives: [],
        arbiters: [],
        tags: {
          region: 'AP_SOUTH_1',
          nodeType: 'ELECTABLE',
          workloadType: 'OPERATIONAL',
          provider: 'AWS'
        },
        minWireVersion: 0,
        maxWireVersion: 17,
        roundTripTime: 20114,
        lastUpdateTime: 41755420,
        lastWriteDate: 2023-06-06T07:04:20.000Z,
        error: null,
        topologyVersion: {
          processId: new ObjectId("64732e15d887c4bf53ecf9b2"),
          counter: 3
        },
        setName: 'atlas-bo4dl1-shard-0',
        setVersion: 7,
        electionId: null,
        logicalSessionTimeoutMinutes: 30,
        primary: 'cluster0-shard-00-02.ajito.mongodb.net:27017',
        me: 'cluster0-shard-00-01.ajito.mongodb.net:27017',
        '$clusterTime': {
          clusterTime: new Timestamp({ t: 1686035060, i: 11 }),
          signature: {
            hash: <Buffer 8e 72 cc ee c9 fd b5 0a 98 08 78 97 c9 01 da 3c 97 a8 c4 67>,
            keyId: new Long("7200707637489434637")
          }
        }
      },
      'cluster0-shard-00-02.ajito.mongodb.net:27017' => ServerDescription {
        address: 'cluster0-shard-00-02.ajito.mongodb.net:27017',
        type: 'Unknown',
        hosts: [],
        passives: [],
        arbiters: [],
        tags: {},
        minWireVersion: 0,
        maxWireVersion: 0,
        roundTripTime: -1,
        lastUpdateTime: 41735258,
        lastWriteDate: 0,
        error: null,
        topologyVersion: null,
        setName: null,
        setVersion: null,
        electionId: null,
        logicalSessionTimeoutMinutes: null,
        primary: null,
        me: null,
        '$clusterTime': null
      }
    },
    stale: false,
    compatible: true,
    heartbeatFrequencyMS: 10000,
    localThresholdMS: 15,
    setName: 'atlas-bo4dl1-shard-0',
    maxElectionId: null,
    maxSetVersion: null,
    commonWireVersion: 0,
    logicalSessionTimeoutMinutes: 30
  },
  code: undefined,
  level: 'error',
  stack: 'MongooseServerSelectionError: Server selection timed out after 30000 ms\n' +
    '    at _handleConnectionErrors (F:\\level2\\university-managememt-auth-service\\node_modules\\mongoose\\lib\\connection.js:792:11)\n' +
    '    at NativeConnection.openUri (F:\\level2\\university-managememt-auth-service\\node_modules\\mongoose\\lib\\connection.js:767:11)\n' +
    '    at processTicksAndRejections (node:internal/process/task_queues:96:5)',
  label: 'PH',
  timestamp: '2023-06-06T07:04:29.308Z'
}
Tue Jun 06 2023 13:9:5 [PH] error: field to connect database. connection timed out
